<?xml version="1.0" encoding="UTF-8"?>
<!-- Generated by org.testng.reporters.JUnitReportReporter -->
<testsuite skipped="0" hostname="INPUSCPC10382" name="tests.TestPolicy" tests="3" failures="0" timestamp="21 Jun 2019 06:37:34 GMT" time="11.210" errors="0">
  <testcase name="policyTestThree" time="0.000" classname="tests.TestPolicy"/>
  <testcase name="policyTestTwo" time="0.003" classname="tests.TestPolicy"/>
  <testcase name="policyTestOne" time="11.207" classname="tests.TestPolicy"/>
</testsuite> <!-- tests.TestPolicy -->
