<?xml version="1.0" encoding="UTF-8"?>
<!-- Generated by org.testng.reporters.JUnitReportReporter -->
<testsuite skipped="0" hostname="INPUSCPC10382" name="tests.TestPolicy" tests="3" failures="0" timestamp="21 Jun 2019 12:41:49 GMT" time="8.744" errors="0">
  <testcase name="policyTestThree" time="0.800" classname="tests.TestPolicy"/>
  <testcase name="policyTestOne" time="7.940" classname="tests.TestPolicy"/>
  <testcase name="policyTestTwo" time="0.004" classname="tests.TestPolicy"/>
</testsuite> <!-- tests.TestPolicy -->
