<?xml version="1.0" encoding="UTF-8"?>
<!-- Generated by org.testng.reporters.JUnitReportReporter -->
<testsuite skipped="0" hostname="INPUSCPC10382" name="tests.TestPolicy" tests="3" failures="0" timestamp="21 Jun 2019 05:03:40 GMT" time="0.006" errors="0">
  <testcase name="policyTestOne" time="0.005" classname="tests.TestPolicy"/>
  <testcase name="policyTestThree" time="0.001" classname="tests.TestPolicy"/>
  <testcase name="policyTestTwo" time="0.000" classname="tests.TestPolicy"/>
</testsuite> <!-- tests.TestPolicy -->
